<?xml version="1.0" encoding="UTF-8"?>
<!-- Generated by org.testng.reporters.JUnitReportReporter -->
<testsuite hostname="Admin-PC" name="com.Storyweaver.Testcases.TestCases" tests="3" failures="0" timestamp="8 Dec 2020 08:48:49 GMT" time="38.233" errors="0">
  <testcase name="home_Page" time="0.921" classname="com.Storyweaver.Testcases.TestCases"/>
  <testcase name="login_Page" time="16.269" classname="com.Storyweaver.Testcases.TestCases"/>
  <testcase name="image_Page" time="21.043" classname="com.Storyweaver.Testcases.TestCases"/>
</testsuite> <!-- com.Storyweaver.Testcases.TestCases -->
